Rebuild target 'Enginner_arm'
compiling app_motor.cpp...
compiling app_led.cpp...
compiling app_power_ctrl.cpp...
compiling app_usart1.cpp...
compiling start_task.cpp...
compiling RTOSsystem_task.cpp...
compiling Kinematics_Task.cpp...
compiling Get_aim_task.cpp...
compiling main.cpp...
compiling dev_system.cpp...
compiling dev_can.cpp...
compiling dev_serial.cpp...
compiling croutine.c...
compiling event_groups.c...
compiling list.c...
compiling queue.c...
compiling tasks.c...
compiling timers.c...
compiling port.c...
compiling heap_4.c...
compiling platform_io.c...
compiling platform_exti.c...
compiling platform_systick.c...
compiling platform_pwm.c...
compiling platform_timer.c...
compiling drivers_buffer.cpp...
compiling drivers_dma.cpp...
compiling drivers_led.cpp...
compiling drivers_serial.cpp...
compiling drivers_remote.cpp...
compiling drivers_can.cpp...
compiling drivers_state_machines.cpp...
compiling algorithm_pid.cpp...
compiling algorithm_user_lib.cpp...
compiling lqr.cpp...
compiling feedforward.cpp...
compiling Adaptive_exercise.cpp...
compiling misc.c...
compiling stm32f4xx_dma.c...
compiling stm32f4xx_exti.c...
compiling stm32f4xx_flash.c...
compiling stm32f4xx_gpio.c...
compiling stm32f4xx_rcc.c...
compiling stm32f4xx_syscfg.c...
compiling stm32f4xx_tim.c...
compiling stm32f4xx_usart.c...
compiling stm32f4xx_can.c...
compiling stm32f4xx_spi.c...
compiling stm32f4xx_it.c...
assembling startup_stm32f40_41xxx.s...
compiling system_stm32f4xx.c...
compiling protocol_crc.cpp...
compiling protocol_dbus.cpp...
compiling BMI088config.cpp...
compiling BMI088driver.cpp...
compiling BasicMathFunctions.c...
compiling BasicMathFunctionsF16.c...
compiling BayesFunctions.c...
compiling BayesFunctionsF16.c...
compiling CommonTables.c...
compiling CommonTablesF16.c...
compiling ComplexMathFunctions.c...
compiling ComplexMathFunctionsF16.c...
compiling ControllerFunctions.c...
compiling DistanceFunctions.c...
compiling DistanceFunctionsF16.c...
compiling FastMathFunctions.c...
compiling FastMathFunctionsF16.c...
compiling FilteringFunctions.c...
compiling FilteringFunctionsF16.c...
compiling InterpolationFunctions.c...
compiling InterpolationFunctionsF16.c...
compiling MatrixFunctions.c...
compiling MatrixFunctionsF16.c...
compiling QuaternionMathFunctions.c...
compiling SVMFunctions.c...
compiling SVMFunctionsF16.c...
compiling StatisticsFunctions.c...
compiling StatisticsFunctionsF16.c...
compiling SupportFunctions.c...
compiling SupportFunctionsF16.c...
compiling TransformFunctions.c...
compiling TransformFunctionsF16.c...
compiling retarget_io.c...
linking...
Program Size: Code=21852 RO-data=3280 RW-data=248 ZI-data=28552  
FromELF: creating hex file...
".\Objects\Enginner_arm_2023.axf" - 0 Error(s), 0 Warning(s).
